2023-06-13 15:52:01,808 Using torch 1.11.0 CUDA:0 (NVIDIA GeForce RTX 3050 Ti Laptop GPU, 3913MB)
2023-06-13 15:52:01,808 
2023-06-13 15:52:08,525 Using torch 1.11.0 CUDA:0 (NVIDIA GeForce RTX 3050 Ti Laptop GPU, 3913MB)
2023-06-13 15:52:08,525 
2023-06-13 15:52:11,215 anchors loaded successfully
2023-06-13 15:52:11,220 tensor([[[0.3750, 1.1250],
         [0.6250, 1.3750],
         [0.5000, 2.5000]],

        [[0.4375, 1.1250],
         [0.3750, 2.4375],
         [0.7500, 1.9375]],

        [[0.5938, 1.5625],
         [1.1875, 2.5312],
         [2.1250, 4.9062]]], device='cuda:0')
2023-06-13 15:52:26,692 Using torch 1.11.0 CUDA:0 (NVIDIA GeForce RTX 3050 Ti Laptop GPU, 3913MB)
2023-06-13 15:52:26,692 
2023-06-13 15:52:29,156 anchors loaded successfully
2023-06-13 15:52:29,158 tensor([[[0.3750, 1.1250],
         [0.6250, 1.3750],
         [0.5000, 2.5000]],

        [[0.4375, 1.1250],
         [0.3750, 2.4375],
         [0.7500, 1.9375]],

        [[0.5938, 1.5625],
         [1.1875, 2.5312],
         [2.1250, 4.9062]]], device='cuda:0')
2023-06-13 15:52:49,468 Using torch 1.11.0 CUDA:0 (NVIDIA GeForce RTX 3050 Ti Laptop GPU, 3913MB)
2023-06-13 15:52:49,468 
2023-06-13 15:53:12,639 anchors loaded successfully
2023-06-13 15:53:12,646 tensor([[[0.3750, 1.1250],
         [0.6250, 1.3750],
         [0.5000, 2.5000]],

        [[0.4375, 1.1250],
         [0.3750, 2.4375],
         [0.7500, 1.9375]],

        [[0.5938, 1.5625],
         [1.1875, 2.5312],
         [2.1250, 4.9062]]], device='cuda:0')
